\BOOKMARK [1][-]{section.1}{\376\377\000p\000u\000z\000z\000l\000e\000-\000p\000i\000e\000c\000e\000\040\000C\000o\000m\000p\000o\000n\000e\000n\000t\000\040\000P\000a\000r\000\347\000a\000l\000a\000m\000a}{}% 1
\BOOKMARK [2][-]{subsection.1.1}{\376\377\000N\000e\000d\000e\000n\000\040\000C\000o\000m\000p\000o\000n\000e\000n\000t\000\040\000P\000a\000r\000\347\000a\000l\000a\000m\000a\000l\001\061\000y\001\061\000z\000?}{section.1}% 2
\BOOKMARK [2][-]{subsection.1.2}{\376\377\000\326\000n\000c\000e\000\040\000/\000\040\000S\000o\000n\000r\000a\000\040\000K\000a\000r\001\137\001\061\000l\000a\001\137\000t\001\061\000r\000m\000a\000s\001\061}{section.1}% 3
\BOOKMARK [3][-]{subsubsection.1.2.1}{\376\377\000\326\000n\000c\000e\000\040\040\024\000\040\000T\000e\000k\000\040\000B\000\374\000y\000\374\000k\000\040\000C\000o\000m\000p\000o\000n\000e\000n\000t}{subsection.1.2}% 4
\BOOKMARK [3][-]{subsubsection.1.2.2}{\376\377\000S\000o\000n\000r\000a\000\040\040\024\000\040\000P\000a\000r\000\347\000a\000l\000a\000n\000m\001\061\001\137\000\040\000C\000o\000m\000p\000o\000n\000e\000n\000t\000'\000l\000e\000r}{subsection.1.2}% 5
\BOOKMARK [2][-]{subsection.1.3}{\376\377\000C\000o\000m\000p\000o\000n\000e\000n\000t\000\040\000P\000a\000r\000\347\000a\000l\000a\000m\000a\000\040\000S\000i\000n\000y\000a\000l\000l\000e\000r\000i}{section.1}% 6
\BOOKMARK [2][-]{subsection.1.4}{\376\377\000R\000e\000u\000s\000a\000b\000l\000e\000\040\000\050\000Y\000e\000n\000i\000d\000e\000n\000\040\000K\000u\000l\000l\000a\000n\001\061\000l\000a\000b\000i\000l\000i\000r\000\051\000\040\000C\000o\000m\000p\000o\000n\000e\000n\000t}{section.1}% 7
\BOOKMARK [3][-]{subsubsection.1.4.1}{\376\377\000K\000\366\000t\000\374\000\040\040\024\000\040\000S\000a\000b\000i\000t\000\040\000V\000e\000r\000i\000y\000e\000\040\000B\000a\001\037\001\061\000m\000l\001\061}{subsection.1.4}% 8
\BOOKMARK [3][-]{subsubsection.1.4.2}{\376\377\001\060\000y\000i\000\040\040\024\000\040\000P\000r\000o\000p\000s\000\040\000i\000l\000e\000\040\000E\000s\000n\000e\000k}{subsection.1.4}% 9
\BOOKMARK [1][-]{section.2}{\376\377\000p\000r\000o\000j\000e\000c\000t\000-\000d\000i\000a\000g\000r\000a\000m\000\040\000S\000t\000a\000t\000e\000\040\000Y\000\366\000n\000e\000t\000i\000m\000i\000\040\000Y\000a\000k\000l\000a\001\137\001\061\000m\001\061}{}% 10
\BOOKMARK [2][-]{subsection.2.1}{\376\377\000S\000t\000a\000t\000e\000\040\000N\000e\000r\000e\000d\000e\000\040\000Y\000a\001\137\000a\000m\000a\000l\001\061\000?}{section.2}% 11
\BOOKMARK [3][-]{subsubsection.2.1.1}{\376\377\000L\000i\000f\000t\000i\000n\000g\000\040\000S\000t\000a\000t\000e\000\040\000U\000p\000\040\000\326\000r\000n\000e\001\037\000i}{subsection.2.1}% 12
\BOOKMARK [2][-]{subsection.2.2}{\376\377\000P\000r\000o\000p\000s\000\040\000D\000r\000i\000l\000l\000i\000n\000g\000\040\040\024\000\040\000v\000e\000\040\000S\001\061\000n\001\061\000r\001\061}{section.2}% 13
\BOOKMARK [2][-]{subsection.2.3}{\376\377\000S\000t\000a\000t\000e\000\040\000Y\000\366\000n\000e\000t\000i\000m\000i\000n\000d\000e\000\040\000K\000a\000r\000a\000r\000l\000a\000r}{section.2}% 14
\BOOKMARK [1][-]{section.3}{\376\377\000m\000a\000g\000i\000c\000\040\000C\000u\000s\000t\000o\000m\000\040\000H\000o\000o\000k\000s}{}% 15
\BOOKMARK [2][-]{subsection.3.1}{\376\377\000C\000u\000s\000t\000o\000m\000\040\000H\000o\000o\000k\000\040\000N\000e\000d\000i\000r\000?}{section.3}% 16
\BOOKMARK [3][-]{subsubsection.3.1.1}{\376\377\000N\000e\000d\000e\000n\000\040\000C\000u\000s\000t\000o\000m\000\040\000H\000o\000o\000k\000?}{subsection.3.1}% 17
\BOOKMARK [2][-]{subsection.3.2}{\376\377\001\060\000l\000k\000\040\000C\000u\000s\000t\000o\000m\000\040\000H\000o\000o\000k\000\040\040\024\000\040\000u\000s\000e\000T\000o\000g\000g\000l\000e}{section.3}% 18
\BOOKMARK [3][-]{subsubsection.3.2.1}{\376\377\000\326\000n\000c\000e\000\040\040\024\000\040\000T\000e\000k\000r\000a\000r\000l\000a\000y\000a\000n\000\040\000K\000o\000d}{subsection.3.2}% 19
\BOOKMARK [3][-]{subsubsection.3.2.2}{\376\377\000S\000o\000n\000r\000a\000\040\040\024\000\040\000C\000u\000s\000t\000o\000m\000\040\000H\000o\000o\000k}{subsection.3.2}% 20
\BOOKMARK [2][-]{subsection.3.3}{\376\377\000P\000r\000a\000t\000i\000k\000\040\000C\000u\000s\000t\000o\000m\000\040\000H\000o\000o\000k\000\040\040\024\000\040\000u\000s\000e\000L\000o\000c\000a\000l\000S\000t\000o\000r\000a\000g\000e}{section.3}% 21
\BOOKMARK [2][-]{subsection.3.4}{\376\377\000C\000u\000s\000t\000o\000m\000\040\000H\000o\000o\000k\000\040\000K\000u\000r\000a\000l\000l\000a\000r\001\061}{section.3}% 22
\BOOKMARK [3][-]{subsubsection.3.4.1}{\376\377\000Y\000a\000y\000g\001\061\000n\000\040\000C\000u\000s\000t\000o\000m\000\040\000H\000o\000o\000k\000\040\000\326\000r\000n\000e\000k\000l\000e\000r\000i}{subsection.3.4}% 23
\BOOKMARK [1][-]{section.4}{\376\377\000t\000o\000o\000l\000s\000\040\000P\000r\000a\000t\000i\000k\000:\000\040\000T\000o\000D\000o\000\040\000U\000y\000g\000u\000l\000a\000m\000a\000s\001\061\000n\001\061\000\040\000R\000e\000f\000a\000c\000t\000o\000r\000\040\000E\000t\000m\000e}{}% 24
\BOOKMARK [2][-]{subsection.4.1}{\376\377\000H\000e\000d\000e\000f\000\040\000D\000o\000s\000y\000a\000\040\000Y\000a\000p\001\061\000s\001\061}{section.4}% 25
\BOOKMARK [2][-]{subsection.4.2}{\376\377\000A\000d\001\061\000m\000\040\0001\000\040\040\024\000\040\000u\000s\000e\000L\000o\000c\000a\000l\000S\000t\000o\000r\000a\000g\000e\000\040\000H\000o\000o\000k\000'\000u}{section.4}% 26
\BOOKMARK [2][-]{subsection.4.3}{\376\377\000A\000d\001\061\000m\000\040\0002\000\040\040\024\000\040\000T\000o\000d\000o\000F\000o\000r\000m\000\040\000C\000o\000m\000p\000o\000n\000e\000n\000t\000'\000i}{section.4}% 27
\BOOKMARK [2][-]{subsection.4.4}{\376\377\000A\000d\001\061\000m\000\040\0003\000\040\040\024\000\040\000T\000o\000d\000o\000I\000t\000e\000m\000\040\000v\000e\000\040\000T\000o\000d\000o\000L\000i\000s\000t}{section.4}% 28
\BOOKMARK [2][-]{subsection.4.5}{\376\377\000A\000d\001\061\000m\000\040\0004\000\040\040\024\000\040\000T\000o\000d\000o\000S\000t\000a\000t\000s}{section.4}% 29
\BOOKMARK [2][-]{subsection.4.6}{\376\377\000A\000d\001\061\000m\000\040\0005\000\040\040\024\000\040\000A\000p\000p\000.\000t\000s\000x\000\040\000\050\000K\000o\000o\000r\000d\000i\000n\000a\000t\000\366\000r\000\051}{section.4}% 30
\BOOKMARK [1][-]{section.5}{\376\377\000c\000h\000e\000c\000k\000-\000c\000i\000r\000c\000l\000e\000\040\000\326\000z\000e\000t\000\040\000v\000e\000\040\000S\000o\000n\000r\000a\000k\000i\000\040\000S\000e\000s\000s\000i\000o\000n}{}% 31
\BOOKMARK [2][-]{subsection.5.1}{\376\377\000B\000u\000\040\000S\000e\000s\000s\000i\000o\000n\000'\000d\000a\000\040\000\326\001\037\000r\000e\000n\000d\000i\000k\000l\000e\000r\000i\000m\000i\000z}{section.5}% 32
\BOOKMARK [2][-]{subsection.5.2}{\376\377\000S\001\061\000k\000\347\000a\000\040\000S\000o\000r\000u\000l\000a\000n\000\040\000S\000o\000r\000u\000l\000a\000r}{section.5}% 33
\BOOKMARK [2][-]{subsection.5.3}{\376\377\000S\000o\000n\000r\000a\000k\000i\000\040\000S\000e\000s\000s\000i\000o\000n\000\040\040\024\000\040\000S\000e\000s\000s\000i\000o\000n\000\040\0006\000:\000\040\000N\000e\000x\000t\000.\000j\000s\000\040\000G\000i\000r\000i\001\137}{section.5}% 34
