\BOOKMARK [1][-]{section.1}{\376\377\000r\000e\000a\000c\000t\000\040\000R\000e\000a\000c\000t\000\040\000N\000e\000d\000i\000r\000?}{}% 1
\BOOKMARK [2][-]{subsection.1.1}{\376\377\000N\000e\000d\000e\000n\000\040\000R\000e\000a\000c\000t\000?}{section.1}% 2
\BOOKMARK [2][-]{subsection.1.2}{\376\377\000S\000P\000A\000\040\000\050\000S\000i\000n\000g\000l\000e\000\040\000P\000a\000g\000e\000\040\000A\000p\000p\000l\000i\000c\000a\000t\000i\000o\000n\000\051}{section.1}% 3
\BOOKMARK [2][-]{subsection.1.3}{\376\377\000V\000i\000r\000t\000u\000a\000l\000\040\000D\000O\000M}{section.1}% 4
\BOOKMARK [1][-]{section.2}{\376\377\000c\000u\000b\000e\000s\000\040\000C\000o\000m\000p\000o\000n\000e\000n\000t\000,\000\040\000J\000S\000X\000\040\000v\000e\000\040\000P\000r\000o\000p\000s}{}% 5
\BOOKMARK [2][-]{subsection.2.1}{\376\377\000C\000o\000m\000p\000o\000n\000e\000n\000t\000\040\000N\000e\000d\000i\000r\000?}{section.2}% 6
\BOOKMARK [2][-]{subsection.2.2}{\376\377\000J\000S\000X\000\040\000N\000e\000d\000i\000r\000?}{section.2}% 7
\BOOKMARK [3][-]{subsubsection.2.2.1}{\376\377\000J\000S\000X\000\040\000K\000u\000r\000a\000l\000l\000a\000r\001\061}{subsection.2.2}% 8
\BOOKMARK [2][-]{subsection.2.3}{\376\377\000P\000r\000o\000p\000s\000\040\040\024\000\040\000C\000o\000m\000p\000o\000n\000e\000n\000t\000'\000e\000\040\000V\000e\000r\000i\000\040\000A\000k\000t\000a\000r\001\061\000m\001\061}{section.2}% 9
\BOOKMARK [3][-]{subsubsection.2.3.1}{\376\377\000c\000h\000i\000l\000d\000r\000e\000n\000\040\000P\000r\000o\000p\000'\000u}{subsection.2.3}% 10
\BOOKMARK [1][-]{section.3}{\376\377\000d\000a\000t\000a\000b\000a\000s\000e\000\040\000S\000t\000a\000t\000e\000\040\000v\000e\000\040\000E\000v\000e\000n\000t\000\040\000H\000a\000n\000d\000l\000i\000n\000g}{}% 11
\BOOKMARK [2][-]{subsection.3.1}{\376\377\000S\000t\000a\000t\000e\000\040\000N\000e\000d\000i\000r\000?}{section.3}% 12
\BOOKMARK [2][-]{subsection.3.2}{\376\377\000u\000s\000e\000S\000t\000a\000t\000e\000\040\000H\000o\000o\000k}{section.3}% 13
\BOOKMARK [2][-]{subsection.3.3}{\376\377\000E\000v\000e\000n\000t\000\040\000H\000a\000n\000d\000l\000i\000n\000g}{section.3}% 14
\BOOKMARK [2][-]{subsection.3.4}{\376\377\000S\000t\000a\000t\000e\000\040\000i\000l\000e\000\040\000I\000n\000p\000u\000t\000\040\000K\000o\000n\000t\000r\000o\000l\000\374}{section.3}% 15
\BOOKMARK [1][-]{section.4}{\376\377\000h\000a\000m\000m\000e\000r\000\040\000P\000r\000a\000t\000i\000k\000:\000\040\000C\000o\000u\000n\000t\000e\000r\000\040\000+\000\040\000L\000i\000s\000t\000e\000y\000e\000\040\000E\000k\000l\000e\000m\000e}{}% 16
\BOOKMARK [2][-]{subsection.4.1}{\376\377\000P\000r\000a\000t\000i\000k\000\040\0001\000\040\040\024\000\040\000C\000o\000u\000n\000t\000e\000r\000\040\000C\000o\000m\000p\000o\000n\000e\000n\000t}{section.4}% 17
\BOOKMARK [2][-]{subsection.4.2}{\376\377\000P\000r\000a\000t\000i\000k\000\040\0002\000\040\040\024\000\040\000I\000n\000p\000u\000t\000'\000t\000a\000n\000\040\000L\000i\000s\000t\000e\000y\000e\000\040\000E\000k\000l\000e\000m\000e}{section.4}% 18
\BOOKMARK [1][-]{section.5}{\376\377\000c\000h\000e\000c\000k\000-\000c\000i\000r\000c\000l\000e\000\040\000\326\000z\000e\000t\000\040\000v\000e\000\040\000S\000o\000n\000r\000a\000k\000i\000\040\000S\000e\000s\000s\000i\000o\000n}{}% 19
\BOOKMARK [2][-]{subsection.5.1}{\376\377\000B\000u\000\040\000S\000e\000s\000s\000i\000o\000n\000'\000d\000a\000\040\000\326\001\037\000r\000e\000n\000d\000i\000k\000l\000e\000r\000i\000m\000i\000z}{section.5}% 20
\BOOKMARK [2][-]{subsection.5.2}{\376\377\000S\001\061\000k\000\347\000a\000\040\000S\000o\000r\000u\000l\000a\000n\000\040\000S\000o\000r\000u\000l\000a\000r}{section.5}% 21
\BOOKMARK [2][-]{subsection.5.3}{\376\377\000S\000o\000n\000r\000a\000k\000i\000\040\000S\000e\000s\000s\000i\000o\000n\000\040\040\024\000\040\000S\000e\000s\000s\000i\000o\000n\000\040\0004\000:\000\040\000R\000e\000a\000c\000t\000\040\000D\000e\000r\000i\000n\000l\000e\001\137\000m\000e}{section.5}% 22
