\BOOKMARK [1][-]{section.1}{\376\377\000j\000s\000\040\000D\000e\001\037\000i\001\137\000k\000e\000n\000l\000e\000r\000\040\000v\000e\000\040\000M\000o\000d\000e\000r\000n\000\040\000F\000o\000n\000k\000s\000i\000y\000o\000n\000l\000a\000r}{}% 1
\BOOKMARK [2][-]{subsection.1.1}{\376\377\000v\000a\000r\000,\000\040\000l\000e\000t\000,\000\040\000c\000o\000n\000s\000t\000\040\000F\000a\000r\000k\001\061}{section.1}% 2
\BOOKMARK [2][-]{subsection.1.2}{\376\377\000A\000r\000r\000o\000w\000\040\000F\000u\000n\000c\000t\000i\000o\000n\000s\000\040\000\050\000O\000k\000\040\000F\000o\000n\000k\000s\000i\000y\000o\000n\000l\000a\000r\001\061\000\051}{section.1}% 3
\BOOKMARK [2][-]{subsection.1.3}{\376\377\000T\000e\000m\000p\000l\000a\000t\000e\000\040\000L\000i\000t\000e\000r\000a\000l\000s\000\040\000\050\001\136\000a\000b\000l\000o\000n\000\040\000D\000i\000z\000e\000l\000e\000r\000\051}{section.1}% 4
\BOOKMARK [1][-]{section.2}{\376\377\000t\000o\000o\000l\000s\000\040\000V\000e\000r\000i\000\040\000D\000\366\000n\000\374\001\137\000t\000\374\000r\000m\000e\000\040\000A\000r\000a\000\347\000l\000a\000r\001\061}{}% 5
\BOOKMARK [2][-]{subsection.2.1}{\376\377\000D\000e\000s\000t\000r\000u\000c\000t\000u\000r\000i\000n\000g\000\040\000\050\000P\000a\000r\000\347\000a\000l\000a\000m\000a\000\051}{section.2}% 6
\BOOKMARK [2][-]{subsection.2.2}{\376\377\000S\000p\000r\000e\000a\000d\000\040\000v\000e\000\040\000R\000e\000s\000t\000\040\000O\000p\000e\000r\000a\000t\000\366\000r\000l\000e\000r\000i\000\040\000\050\000.\000.\000.\000\051}{section.2}% 7
\BOOKMARK [2][-]{subsection.2.3}{\376\377\000A\000r\000r\000a\000y\000\040\000M\000e\000t\000h\000o\000d\000s\000\040\040\024\000\040\000m\000a\000p\000,\000\040\000f\000i\000l\000t\000e\000r\000,\000\040\000r\000e\000d\000u\000c\000e}{section.2}% 8
\BOOKMARK [3][-]{subsubsection.2.3.1}{\376\377\000m\000a\000p\000\040\040\024\000\040\000H\000e\000r\000\040\000E\000l\000e\000m\000a\000n\001\061\000\040\000D\000\366\000n\000\374\001\137\000t\000\374\000r}{subsection.2.3}% 9
\BOOKMARK [3][-]{subsubsection.2.3.2}{\376\377\000f\000i\000l\000t\000e\000r\000\040\040\024\000\040\000K\000o\001\137\000u\000l\000u\000\040\000S\000a\001\037\000l\000a\000y\000a\000n\000l\000a\000r\001\061\000\040\000A\000l}{subsection.2.3}% 10
\BOOKMARK [3][-]{subsubsection.2.3.3}{\376\377\000r\000e\000d\000u\000c\000e\000\040\040\024\000\040\000T\000e\000k\000\040\000D\000e\001\037\000e\000r\000e\000\040\001\060\000n\000d\000i\000r\000\040\000\050\000Y\000\374\000z\000e\000y\000s\000e\000l\000\051}{subsection.2.3}% 11
\BOOKMARK [1][-]{section.3}{\376\377\000c\000l\000o\000c\000k\000\040\000A\000s\000e\000n\000k\000r\000o\000n\000\040\000J\000a\000v\000a\000S\000c\000r\000i\000p\000t}{}% 12
\BOOKMARK [2][-]{subsection.3.1}{\376\377\000N\000e\000d\000e\000n\000\040\000A\000s\000e\000n\000k\000r\000o\000n\000?}{section.3}% 13
\BOOKMARK [2][-]{subsection.3.2}{\376\377\000P\000r\000o\000m\000i\000s\000e}{section.3}% 14
\BOOKMARK [2][-]{subsection.3.3}{\376\377\000a\000s\000y\000n\000c\000\040\000/\000\040\000a\000w\000a\000i\000t}{section.3}% 15
\BOOKMARK [2][-]{subsection.3.4}{\376\377\000f\000e\000t\000c\000h\000\040\000A\000P\000I}{section.3}% 16
\BOOKMARK [1][-]{section.4}{\376\377\000h\000a\000m\000m\000e\000r\000\040\000P\000r\000a\000t\000i\000k\000:\000\040\000A\000P\000I\000'\000d\000e\000n\000\040\000V\000e\000r\000i\000\040\000\307\000e\000k\000m\000e\000\040\000v\000e\000\040\000L\000i\000s\000t\000e\000\040\000R\000e\000n\000d\000e\000r}{}% 17
\BOOKMARK [1][-]{section.5}{\376\377\000c\000h\000e\000c\000k\000-\000c\000i\000r\000c\000l\000e\000\040\000\326\000z\000e\000t\000\040\000v\000e\000\040\000S\000o\000n\000r\000a\000k\000i\000\040\000S\000e\000s\000s\000i\000o\000n}{}% 18
\BOOKMARK [2][-]{subsection.5.1}{\376\377\000B\000u\000\040\000S\000e\000s\000s\000i\000o\000n\000'\000d\000a\000\040\000\326\001\037\000r\000e\000n\000d\000i\000k\000l\000e\000r\000i\000m\000i\000z}{section.5}% 19
\BOOKMARK [2][-]{subsection.5.2}{\376\377\000S\001\061\000k\000\347\000a\000\040\000S\000o\000r\000u\000l\000a\000n\000\040\000S\000o\000r\000u\000l\000a\000r}{section.5}% 20
\BOOKMARK [2][-]{subsection.5.3}{\376\377\000S\000o\000n\000r\000a\000k\000i\000\040\000S\000e\000s\000s\000i\000o\000n\000\040\040\024\000\040\000S\000e\000s\000s\000i\000o\000n\000\040\0003\000:\000\040\000R\000e\000a\000c\000t\000\040\000T\000e\000m\000e\000l\000l\000e\000r\000i}{section.5}% 21
