\BOOKMARK [1][-]{section.1}{\376\377\000*\000\040\000A\000P\000I\000\040\000E\000n\000t\000e\000g\000r\000a\000s\000y\000o\000n\000u\000\040\000v\000e\000\040\000L\000o\000a\000d\000i\000n\000g\000\040\000S\000t\000a\000t\000e}{}% 1
\BOOKMARK [2][-]{subsection.1.1}{\376\377\000S\000e\000r\000v\000e\000r\000\040\000C\000o\000m\000p\000o\000n\000e\000n\000t\000\040\000v\000s\000\040\000C\000l\000i\000e\000n\000t\000\040\000C\000o\000m\000p\000o\000n\000e\000n\000t}{section.1}% 2
\BOOKMARK [2][-]{subsection.1.2}{\376\377\000H\000a\000n\000g\000i\000\040\000C\000o\000m\000p\000o\000n\000e\000n\000t\000'\000i\000\040\000N\000e\000\040\000Z\000a\000m\000a\000n\000\040\000S\000e\000\347\000m\000e\000l\000i\000?}{section.1}% 3
\BOOKMARK [3][-]{subsubsection.1.2.1}{\376\377\000K\000a\000r\000m\000a\000\040\000Y\000a\000k\000l\000a\001\137\001\061\000m\000\040\000\326\000r\000n\000e\001\037\000i}{subsection.1.2}% 4
\BOOKMARK [2][-]{subsection.1.3}{\376\377\000L\000o\000a\000d\000i\000n\000g\000\040\000S\000t\000a\000t\000e\000\040\000Y\000\366\000n\000e\000t\000i\000m\000i}{section.1}% 5
\BOOKMARK [3][-]{subsubsection.1.3.1}{\376\377\000S\000e\000r\000v\000e\000r\000\040\000C\000o\000m\000p\000o\000n\000e\000n\000t\000'\000t\000e\000\040\040\024\000\040\000l\000o\000a\000d\000i\000n\000g\000.\000t\000s\000x}{subsection.1.3}% 6
\BOOKMARK [3][-]{subsubsection.1.3.2}{\376\377\000C\000l\000i\000e\000n\000t\000\040\000C\000o\000m\000p\000o\000n\000e\000n\000t\000'\000t\000e\000\040\040\024\000\040\000M\000a\000n\000u\000a\000l\000\040\000L\000o\000a\000d\000i\000n\000g\000\040\000S\000t\000a\000t\000e}{subsection.1.3}% 7
\BOOKMARK [1][-]{section.2}{\376\377\000e\000x\000c\000l\000a\000m\000a\000t\000i\000o\000n\000-\000t\000r\000i\000a\000n\000g\000l\000e\000\040\000E\000r\000r\000o\000r\000\040\000H\000a\000n\000d\000l\000i\000n\000g\000\040\000v\000e\000\040\000U\000I\000\040\000F\000e\000e\000d\000b\000a\000c\000k}{}% 8
\BOOKMARK [2][-]{subsection.2.1}{\376\377\000H\000a\000t\000a\000l\000a\000r\001\061\000n\000\040\000Y\000a\001\137\000a\000m\000\040\000D\000\366\000n\000g\000\374\000s\000\374}{section.2}% 9
\BOOKMARK [2][-]{subsection.2.2}{\376\377\000S\000e\000r\000v\000e\000r\000\040\000C\000o\000m\000p\000o\000n\000e\000n\000t\000'\000t\000e\000\040\000H\000a\000t\000a\000\040\000Y\000a\000k\000a\000l\000a\000m\000a}{section.2}% 10
\BOOKMARK [3][-]{subsubsection.2.2.1}{\376\377\000Y\000\366\000n\000t\000e\000m\000\040\0001\000\040\040\024\000\040\000t\000r\000y\000\040\000/\000\040\000c\000a\000t\000c\000h}{subsection.2.2}% 11
\BOOKMARK [3][-]{subsubsection.2.2.2}{\376\377\000Y\000\366\000n\000t\000e\000m\000\040\0002\000\040\040\024\000\040\000n\000o\000t\000F\000o\000u\000n\000d\000\050\000\051\000\040\000i\000l\000e\000\040\0004\0000\0004\000'\000e\000\040\000Y\000\366\000n\000l\000e\000n\000d\000i\000r\000m\000e}{subsection.2.2}% 12
\BOOKMARK [2][-]{subsection.2.3}{\376\377\000e\000r\000r\000o\000r\000.\000t\000s\000x\000\040\040\024\000\040\000O\000t\000o\000m\000a\000t\000i\000k\000\040\000E\000r\000r\000o\000r\000\040\000B\000o\000u\000n\000d\000a\000r\000y}{section.2}% 13
\BOOKMARK [2][-]{subsection.2.4}{\376\377\000C\000l\000i\000e\000n\000t\000\040\000C\000o\000m\000p\000o\000n\000e\000n\000t\000'\000t\000e\000\040\000H\000a\000t\000a\000\040\000Y\000\366\000n\000e\000t\000i\000m\000i}{section.2}% 14
\BOOKMARK [2][-]{subsection.2.5}{\376\377\000U\000I\000\040\000F\000e\000e\000d\000b\000a\000c\000k\000\040\000P\000a\000t\000t\000e\000r\000n\000'\000l\000e\000r\000i}{section.2}% 15
\BOOKMARK [1][-]{section.3}{\376\377\000l\000o\000c\000k\000\040\000A\000u\000t\000h\000\040\000F\000l\000o\000w\000\040\000v\000e\000\040\000P\000r\000o\000t\000e\000c\000t\000e\000d\000\040\000R\000o\000u\000t\000e}{}% 16
\BOOKMARK [2][-]{subsection.3.1}{\376\377\000A\000u\000t\000h\000e\000n\000t\000i\000c\000a\000t\000i\000o\000n\000\040\000N\000e\000d\000i\000r\000?}{section.3}% 17
\BOOKMARK [3][-]{subsubsection.3.1.1}{\376\377\000T\000i\000p\000i\000k\000\040\000L\000o\000g\000i\000n\000\040\000A\000k\001\061\001\137\001\061}{subsection.3.1}% 18
\BOOKMARK [2][-]{subsection.3.2}{\376\377\000N\000e\000x\000t\000.\000j\000s\000'\000t\000e\000\040\000C\000o\000o\000k\000i\000e\000\040\000O\000k\000u\000m\000a}{section.3}% 19
\BOOKMARK [2][-]{subsection.3.3}{\376\377\000C\000o\000o\000k\000i\000e\000\040\000S\000e\000t\000\040\000E\000t\000m\000e\000\040\040\024\000\040\000S\000e\000r\000v\000e\000r\000\040\000A\000c\000t\000i\000o\000n}{section.3}% 20
\BOOKMARK [2][-]{subsection.3.4}{\376\377\000P\000r\000o\000t\000e\000c\000t\000e\000d\000\040\000R\000o\000u\000t\000e\000\040\040\024\000\040\000L\000a\000y\000o\000u\000t\000\040\000i\000l\000e\000\040\000K\000o\000r\000u\000m\000a}{section.3}% 21
\BOOKMARK [2][-]{subsection.3.5}{\376\377\000M\000i\000d\000d\000l\000e\000w\000a\000r\000e\000\040\040\024\000\040\000D\000a\000h\000a\000\040\000G\000e\000l\000i\001\137\000m\000i\001\137\000\040\000K\000o\000r\000u\000m\000a}{section.3}% 22
\BOOKMARK [1][-]{section.4}{\376\377\000h\000a\000m\000m\000e\000r\000\040\000P\000r\000a\000t\000i\000k\000:\000\040\000L\000o\000g\000i\000n\000\040\000+\000\040\000P\000r\000o\000t\000e\000c\000t\000e\000d\000\040\000P\000a\000g\000e}{}% 23
\BOOKMARK [2][-]{subsection.4.1}{\376\377\000D\000o\000s\000y\000a\000\040\000Y\000a\000p\001\061\000s\001\061}{section.4}% 24
\BOOKMARK [2][-]{subsection.4.2}{\376\377\000A\000d\001\061\000m\000\040\0001\000\040\040\024\000\040\000S\000e\000r\000v\000e\000r\000\040\000A\000c\000t\000i\000o\000n}{section.4}% 25
\BOOKMARK [2][-]{subsection.4.3}{\376\377\000A\000d\001\061\000m\000\040\0002\000\040\040\024\000\040\000L\000o\000g\000i\000n\000\040\000F\000o\000r\000m\000u}{section.4}% 26
\BOOKMARK [2][-]{subsection.4.4}{\376\377\000A\000d\001\061\000m\000\040\0003\000\040\040\024\000\040\000L\000o\000g\000i\000n\000\040\000S\000a\000y\000f\000a\000s\001\061}{section.4}% 27
\BOOKMARK [2][-]{subsection.4.5}{\376\377\000A\000d\001\061\000m\000\040\0004\000\040\040\024\000\040\000D\000a\000s\000h\000b\000o\000a\000r\000d\000\040\000L\000a\000y\000o\000u\000t\000\040\000\050\000K\000o\000r\000u\000m\000a\000l\001\061\000\051}{section.4}% 28
\BOOKMARK [2][-]{subsection.4.6}{\376\377\000A\000d\001\061\000m\000\040\0005\000\040\040\024\000\040\000L\000o\000g\000o\000u\000t\000\040\000B\000u\000t\000t\000o\000n}{section.4}% 29
\BOOKMARK [2][-]{subsection.4.7}{\376\377\000A\000d\001\061\000m\000\040\0006\000\040\040\024\000\040\000D\000a\000s\000h\000b\000o\000a\000r\000d\000\040\000S\000a\000y\000f\000a\000l\000a\000r\001\061}{section.4}% 30
\BOOKMARK [1][-]{section.5}{\376\377\000c\000h\000e\000c\000k\000-\000c\000i\000r\000c\000l\000e\000\040\000\326\000z\000e\000t\000\040\000v\000e\000\040\000S\000o\000n\000r\000a\000k\000i\000\040\000S\000e\000s\000s\000i\000o\000n}{}% 31
\BOOKMARK [2][-]{subsection.5.1}{\376\377\000B\000u\000\040\000S\000e\000s\000s\000i\000o\000n\000'\000d\000a\000\040\000\326\001\037\000r\000e\000n\000d\000i\000k\000l\000e\000r\000i\000m\000i\000z}{section.5}% 32
\BOOKMARK [2][-]{subsection.5.2}{\376\377\000S\001\061\000k\000\347\000a\000\040\000S\000o\000r\000u\000l\000a\000n\000\040\000S\000o\000r\000u\000l\000a\000r}{section.5}% 33
\BOOKMARK [2][-]{subsection.5.3}{\376\377\000S\000o\000n\000r\000a\000k\000i\000\040\000S\000e\000s\000s\000i\000o\000n\000\040\040\024\000\040\000S\000e\000s\000s\000i\000o\000n\000\040\0008\000:\000\040\000S\000t\000a\000r\000t\000e\000r\000\040\000B\000o\000i\000l\000e\000r\000p\000l\000a\000t\000e}{section.5}% 34
