\BOOKMARK [1][-]{section.1}{\376\377\000s\000y\000n\000c\000\040\000u\000s\000e\000E\000f\000f\000e\000c\000t\000\040\000v\000e\000\040\000L\000i\000f\000e\000c\000y\000c\000l\000e}{}% 1
\BOOKMARK [2][-]{subsection.1.1}{\376\377\000C\000o\000m\000p\000o\000n\000e\000n\000t\000\040\000L\000i\000f\000e\000c\000y\000c\000l\000e\000\040\000N\000e\000d\000i\000r\000?}{section.1}% 2
\BOOKMARK [2][-]{subsection.1.2}{\376\377\000u\000s\000e\000E\000f\000f\000e\000c\000t\000\040\000S\000\366\000z\000\040\000D\000i\000z\000i\000m\000i}{section.1}% 3
\BOOKMARK [3][-]{subsubsection.1.2.1}{\376\377\000D\000e\000p\000e\000n\000d\000e\000n\000c\000y\000\040\000A\000r\000r\000a\000y\000\040\000D\000a\000v\000r\000a\000n\001\061\001\137\000l\000a\000r\001\061}{subsection.1.2}% 4
\BOOKMARK [2][-]{subsection.1.3}{\376\377\000C\000l\000e\000a\000n\000u\000p\000\040\000\050\000T\000e\000m\000i\000z\000l\000i\000k\000\051\000\040\000F\000o\000n\000k\000s\000i\000y\000o\000n\000u}{section.1}% 5
\BOOKMARK [1][-]{section.2}{\376\377\000c\000o\000d\000e\000-\000b\000r\000a\000n\000c\000h\000\040\000C\000o\000n\000d\000i\000t\000i\000o\000n\000a\000l\000\040\000v\000e\000\040\000L\000i\000s\000t\000\040\000R\000e\000n\000d\000e\000r\000i\000n\000g}{}% 6
\BOOKMARK [2][-]{subsection.2.1}{\376\377\000C\000o\000n\000d\000i\000t\000i\000o\000n\000a\000l\000\040\000R\000e\000n\000d\000e\000r\000i\000n\000g\000\040\000\050\000K\000o\001\137\000u\000l\000l\000u\000\040\000G\000\366\000s\000t\000e\000r\000i\000m\000\051}{section.2}% 7
\BOOKMARK [3][-]{subsubsection.2.1.1}{\376\377\000Y\000\366\000n\000t\000e\000m\000\040\0001\000\040\040\024\000\040\000i\000f\000\040\000/\000\040\000e\000l\000s\000e\000\040\000i\000l\000e\000\040\000E\000r\000k\000e\000n\000\040\000R\000e\000t\000u\000r\000n}{subsection.2.1}% 8
\BOOKMARK [3][-]{subsubsection.2.1.2}{\376\377\000Y\000\366\000n\000t\000e\000m\000\040\0002\000\040\040\024\000\040\000T\000e\000r\000n\000a\000r\000y\000\040\000O\000p\000e\000r\000a\000t\000\366\000r\000\040\000\050\000?\000\040\000:\000\051}{subsection.2.1}% 9
\BOOKMARK [3][-]{subsubsection.2.1.3}{\376\377\000Y\000\366\000n\000t\000e\000m\000\040\0003\000\040\040\024\000\040\000\046\000\046\000\040\000\050\000L\000o\000g\000i\000c\000a\000l\000\040\000A\000N\000D\000\051}{subsection.2.1}% 10
\BOOKMARK [2][-]{subsection.2.2}{\376\377\000G\000e\000r\000\347\000e\000k\000\347\000i\000\040\000\326\000r\000n\000e\000k\000\040\040\024\000\040\000L\000o\000a\000d\000i\000n\000g\000\040\000/\000\040\000E\000r\000r\000o\000r\000\040\000/\000\040\000D\000a\000t\000a\000\040\000P\000a\000t\000t\000e\000r\000n\000i}{section.2}% 11
\BOOKMARK [2][-]{subsection.2.3}{\376\377\000L\000i\000s\000t\000\040\000R\000e\000n\000d\000e\000r\000i\000n\000g\000\040\000v\000e\000\040\000k\000e\000y\000\040\000P\000r\000o\000p\000'\000u}{section.2}% 12
\BOOKMARK [3][-]{subsubsection.2.3.1}{\376\377\000m\000a\000p\000\040\000i\000l\000e\000\040\000L\000i\000s\000t\000e\000\040\000R\000e\000n\000d\000e\000r}{subsection.2.3}% 13
\BOOKMARK [3][-]{subsubsection.2.3.2}{\376\377\000k\000e\000y\000\040\000N\000e\000d\000e\000n\000\040\000\326\000n\000e\000m\000l\000i\000?}{subsection.2.3}% 14
\BOOKMARK [1][-]{section.3}{\376\377\000k\000e\000y\000b\000o\000a\000r\000d\000\040\000F\000o\000r\000m\000\040\000H\000a\000n\000d\000l\000i\000n\000g\000\040\000v\000e\000\040\000V\000a\000l\000i\000d\000a\000t\000i\000o\000n}{}% 15
\BOOKMARK [2][-]{subsection.3.1}{\376\377\000C\000o\000n\000t\000r\000o\000l\000l\000e\000d\000\040\000C\000o\000m\000p\000o\000n\000e\000n\000t\000\040\000\050\000H\000a\000t\001\061\000r\000l\000a\000t\000m\000a\000\051}{section.3}% 16
\BOOKMARK [2][-]{subsection.3.2}{\376\377\000F\000o\000r\000m\000\040\000S\000u\000b\000m\000i\000t}{section.3}% 17
\BOOKMARK [2][-]{subsection.3.3}{\376\377\000B\000i\000r\000d\000e\000n\000\040\000F\000a\000z\000l\000a\000\040\000I\000n\000p\000u\000t\000\040\040\024\000\040\000T\000e\000k\000\040\000S\000t\000a\000t\000e\000\040\000O\000b\000j\000e\000s\000i}{section.3}% 18
\BOOKMARK [2][-]{subsection.3.4}{\376\377\000B\000a\000s\000i\000c\000\040\000V\000a\000l\000i\000d\000a\000t\000i\000o\000n\000\040\000\050\000T\000e\000m\000e\000l\000\040\000D\000o\001\037\000r\000u\000l\000a\000m\000a\000\051}{section.3}% 19
\BOOKMARK [1][-]{section.4}{\376\377\000h\000a\000m\000m\000e\000r\000\040\000P\000r\000a\000t\000i\000k\000:\000\040\000M\000i\000n\000i\000\040\000T\000o\000D\000o\000\040\000U\000y\000g\000u\000l\000a\000m\000a\000s\001\061}{}% 20
\BOOKMARK [1][-]{section.5}{\376\377\000c\000h\000e\000c\000k\000-\000c\000i\000r\000c\000l\000e\000\040\000\326\000z\000e\000t\000\040\000v\000e\000\040\000S\000o\000n\000r\000a\000k\000i\000\040\000S\000e\000s\000s\000i\000o\000n}{}% 21
\BOOKMARK [2][-]{subsection.5.1}{\376\377\000B\000u\000\040\000S\000e\000s\000s\000i\000o\000n\000'\000d\000a\000\040\000\326\001\037\000r\000e\000n\000d\000i\000k\000l\000e\000r\000i\000m\000i\000z}{section.5}% 22
\BOOKMARK [2][-]{subsection.5.2}{\376\377\000S\001\061\000k\000\347\000a\000\040\000S\000o\000r\000u\000l\000a\000n\000\040\000S\000o\000r\000u\000l\000a\000r}{section.5}% 23
\BOOKMARK [2][-]{subsection.5.3}{\376\377\000S\000o\000n\000r\000a\000k\000i\000\040\000S\000e\000s\000s\000i\000o\000n\000\040\040\024\000\040\000S\000e\000s\000s\000i\000o\000n\000\040\0005\000:\000\040\000R\000e\000a\000c\000t\000\040\000B\000e\000s\000t\000\040\000P\000r\000a\000c\000t\000i\000c\000e\000s}{section.5}% 24
